Android/lab10/src/app/build/intermediates/manifest_merge_blame_file/debug/manifest-merger-blame-debug-report.txt
1<?xml version="1.0" encoding="utf-8"?>
2<manifest xmlns:android="http://schemas.android.com/apk/res/android"
3    package="cn.edu.hznu.app_lab10"
4    android:versionCode="1"
5    android:versionName="1.0" >
6
7    <uses-sdk
8        android:minSdkVersion="21"
8-->src\main\AndroidManifest.xml
9        android:targetSdkVersion="31" />
9-->src\main\AndroidManifest.xml
10
11    <application
11-->src\main\AndroidManifest.xml:5:5-30:19
12        android:allowBackup="true"
12-->src\main\AndroidManifest.xml:6:9-35
13        android:appComponentFactory="androidx.core.app.CoreComponentFactory"
13-->[androidx.core:core:1.3.1] AndroidManifest.xml:24:18-86
14        android:debuggable="true"
15        android:icon="@mipmap/ic_launcher"
15-->src\main\AndroidManifest.xml:7:9-43
16        android:label="@string/app_name"
16-->src\main\AndroidManifest.xml:8:9-41
17        android:roundIcon="@mipmap/ic_launcher_round"
17-->src\main\AndroidManifest.xml:9:9-54
18        android:supportsRtl="true"
18-->src\main\AndroidManifest.xml:10:9-35
19        android:theme="@style/Theme.App_lab10" >
19-->src\main\AndroidManifest.xml:11:9-47
20        <activity
20-->src\main\AndroidManifest.xml:12:9-14:39
21            android:name="cn.edu.hznu.app_lab10.ContactsList"
21-->src\main\AndroidManifest.xml:13:13-41
22            android:exported="true" />
22-->src\main\AndroidManifest.xml:14:13-36
23        <activity
23-->src\main\AndroidManifest.xml:15:9-17:39
24            android:name="cn.edu.hznu.app_lab10.QueryContactActivity"
24-->src\main\AndroidManifest.xml:16:13-49
25            android:exported="true" />
25-->src\main\AndroidManifest.xml:17:13-36
26        <activity
26-->src\main\AndroidManifest.xml:18:9-20:39
27            android:name="cn.edu.hznu.app_lab10.AddContactActivity"
27-->src\main\AndroidManifest.xml:19:13-47
28            android:exported="true" />
28-->src\main\AndroidManifest.xml:20:13-36
29        <activity
29-->src\main\AndroidManifest.xml:21:9-29:20
30            android:name="cn.edu.hznu.app_lab10.MainActivity"
30-->src\main\AndroidManifest.xml:22:13-41
31            android:exported="true" >
31-->src\main\AndroidManifest.xml:23:13-36
32            <intent-filter>
32-->src\main\AndroidManifest.xml:24:13-28:29
33                <action android:name="android.intent.action.MAIN" />
33-->src\main\AndroidManifest.xml:25:17-69
33-->src\main\AndroidManifest.xml:25:25-66
34
35                <category android:name="android.intent.category.LAUNCHER" />
35-->src\main\AndroidManifest.xml:27:17-77
35-->src\main\AndroidManifest.xml:27:27-74
36            </intent-filter>
37        </activity>
38    </application>
39
40</manifest>